

                                           
  [InvalidArgumentException]               
  Command "assetic:watch" is not defined.  
                                           


Dumping all dev assets.
Debug mode is on.

06:25:34 [file+] /var/www/taxisales.dev/project/app/../web/assetic/js/compiled/fmelfinder/main.js
06:25:34 [file+] /var/www/taxisales.dev/project/app/../web/assetic/js/compiled/fmelfinder/main_jquery-1.8.0.min_1.js
06:25:34 [file+] /var/www/taxisales.dev/project/app/../web/assetic/js/compiled/fmelfinder/main_jquery-ui-1.8.23.custom.min_2.js
06:25:34 [file+] /var/www/taxisales.dev/project/app/../web/assetic/js/compiled/fmelfinder/main_elfinder.min_3.js
06:25:34 [file+] /var/www/taxisales.dev/project/app/../web/assetic/js/compiled/fmelfinder/main_part_4_elfinder.LANG_1.js
06:25:34 [file+] /var/www/taxisales.dev/project/app/../web/assetic/js/compiled/fmelfinder/main_part_4_elfinder.ar_2.js
06:25:34 [file+] /var/www/taxisales.dev/project/app/../web/assetic/js/compiled/fmelfinder/main_part_4_elfinder.bg_3.js
06:25:34 [file+] /var/www/taxisales.dev/project/app/../web/assetic/js/compiled/fmelfinder/main_part_4_elfinder.ca_4.js
06:25:34 [file+] /var/www/taxisales.dev/project/app/../web/assetic/js/compiled/fmelfinder/main_part_4_elfinder.cs_5.js
06:25:34 [file+] /var/www/taxisales.dev/project/app/../web/assetic/js/compiled/fmelfinder/main_part_4_elfinder.de_6.js
06:25:34 [file+] /var/www/taxisales.dev/project/app/../web/assetic/js/compiled/fmelfinder/main_part_4_elfinder.el_7.js
06:25:34 [file+] /var/www/taxisales.dev/project/app/../web/assetic/js/compiled/fmelfinder/main_part_4_elfinder.es_8.js
06:25:34 [file+] /var/www/taxisales.dev/project/app/../web/assetic/js/compiled/fmelfinder/main_part_4_elfinder.fa_9.js
06:25:34 [file+] /var/www/taxisales.dev/project/app/../web/assetic/js/compiled/fmelfinder/main_part_4_elfinder.fr_10.js
06:25:34 [file+] /var/www/taxisales.dev/project/app/../web/assetic/js/compiled/fmelfinder/main_part_4_elfinder.hu_11.js
06:25:34 [file+] /var/www/taxisales.dev/project/app/../web/assetic/js/compiled/fmelfinder/main_part_4_elfinder.it_12.js
06:25:34 [file+] /var/www/taxisales.dev/project/app/../web/assetic/js/compiled/fmelfinder/main_part_4_elfinder.jp_13.js
06:25:34 [file+] /var/www/taxisales.dev/project/app/../web/assetic/js/compiled/fmelfinder/main_part_4_elfinder.ko_14.js
06:25:34 [file+] /var/www/taxisales.dev/project/app/../web/assetic/js/compiled/fmelfinder/main_part_4_elfinder.nl_15.js
06:25:34 [file+] /var/www/taxisales.dev/project/app/../web/assetic/js/compiled/fmelfinder/main_part_4_elfinder.no_16.js
06:25:34 [file+] /var/www/taxisales.dev/project/app/../web/assetic/js/compiled/fmelfinder/main_part_4_elfinder.pl_17.js
06:25:34 [file+] /var/www/taxisales.dev/project/app/../web/assetic/js/compiled/fmelfinder/main_part_4_elfinder.pt_BR_18.js
06:25:34 [file+] /var/www/taxisales.dev/project/app/../web/assetic/js/compiled/fmelfinder/main_part_4_elfinder.ru_19.js
06:25:34 [file+] /var/www/taxisales.dev/project/app/../web/assetic/js/compiled/fmelfinder/main_part_4_elfinder.sk_20.js
06:25:34 [file+] /var/www/taxisales.dev/project/app/../web/assetic/js/compiled/fmelfinder/main_part_4_elfinder.sl_21.js
06:25:34 [file+] /var/www/taxisales.dev/project/app/../web/assetic/js/compiled/fmelfinder/main_part_4_elfinder.sv_22.js
06:25:34 [file+] /var/www/taxisales.dev/project/app/../web/assetic/js/compiled/fmelfinder/main_part_4_elfinder.tr_23.js
06:25:34 [file+] /var/www/taxisales.dev/project/app/../web/assetic/js/compiled/fmelfinder/main_part_4_elfinder.vi_24.js
06:25:34 [file+] /var/www/taxisales.dev/project/app/../web/assetic/js/compiled/fmelfinder/main_part_4_elfinder.zh_CN_25.js
06:25:34 [file+] /var/www/taxisales.dev/project/app/../web/assetic/js/compiled/fmelfinder/main_part_4_elfinder.zh_TW_26.js
06:25:34 [file+] /var/www/taxisales.dev/project/app/../web/assetic/css/compiled/fmelfinder/main.css
06:25:34 [file+] /var/www/taxisales.dev/project/app/../web/assetic/css/compiled/fmelfinder/main_part_1_elfinder.min_1.css
06:25:34 [file+] /var/www/taxisales.dev/project/app/../web/assetic/css/compiled/fmelfinder/main_part_1_jquery-ui-1.8.21.custom_2.css
06:25:34 [file+] /var/www/taxisales.dev/project/app/../web/assetic/css/compiled/fmelfinder/main_part_1_theme_3.css
06:25:34 [file+] /var/www/taxisales.dev/project/app/../web/assetic/css/compiled/fmelfinder/main.css
06:25:34 [file+] /var/www/taxisales.dev/project/app/../web/assetic/css/compiled/fmelfinder/main_part_1_elfinder.min_1.css
06:25:34 [file+] /var/www/taxisales.dev/project/app/../web/assetic/css/compiled/fmelfinder/main_part_1_jquery-ui-1.8.21.custom_2.css
06:25:34 [file+] /var/www/taxisales.dev/project/app/../web/assetic/css/compiled/fmelfinder/main_part_1_theme_3.css
06:25:34 [file+] /var/www/taxisales.dev/project/app/../web/assetic/js/compiled/fmelfinder/main.js
06:25:34 [file+] /var/www/taxisales.dev/project/app/../web/assetic/js/compiled/fmelfinder/main_jquery-1.8.0.min_1.js
06:25:34 [file+] /var/www/taxisales.dev/project/app/../web/assetic/js/compiled/fmelfinder/main_jquery-ui-1.8.23.custom.min_2.js
06:25:34 [file+] /var/www/taxisales.dev/project/app/../web/assetic/js/compiled/fmelfinder/main_elfinder.min_3.js
06:25:34 [file+] /var/www/taxisales.dev/project/app/../web/assetic/js/compiled/fmelfinder/main_part_4_elfinder.LANG_1.js
06:25:34 [file+] /var/www/taxisales.dev/project/app/../web/assetic/js/compiled/fmelfinder/main_part_4_elfinder.ar_2.js
06:25:34 [file+] /var/www/taxisales.dev/project/app/../web/assetic/js/compiled/fmelfinder/main_part_4_elfinder.bg_3.js
06:25:34 [file+] /var/www/taxisales.dev/project/app/../web/assetic/js/compiled/fmelfinder/main_part_4_elfinder.ca_4.js
06:25:34 [file+] /var/www/taxisales.dev/project/app/../web/assetic/js/compiled/fmelfinder/main_part_4_elfinder.cs_5.js
06:25:34 [file+] /var/www/taxisales.dev/project/app/../web/assetic/js/compiled/fmelfinder/main_part_4_elfinder.de_6.js
06:25:34 [file+] /var/www/taxisales.dev/project/app/../web/assetic/js/compiled/fmelfinder/main_part_4_elfinder.el_7.js
06:25:34 [file+] /var/www/taxisales.dev/project/app/../web/assetic/js/compiled/fmelfinder/main_part_4_elfinder.es_8.js
06:25:34 [file+] /var/www/taxisales.dev/project/app/../web/assetic/js/compiled/fmelfinder/main_part_4_elfinder.fa_9.js
06:25:34 [file+] /var/www/taxisales.dev/project/app/../web/assetic/js/compiled/fmelfinder/main_part_4_elfinder.fr_10.js
06:25:34 [file+] /var/www/taxisales.dev/project/app/../web/assetic/js/compiled/fmelfinder/main_part_4_elfinder.hu_11.js
06:25:34 [file+] /var/www/taxisales.dev/project/app/../web/assetic/js/compiled/fmelfinder/main_part_4_elfinder.it_12.js
06:25:34 [file+] /var/www/taxisales.dev/project/app/../web/assetic/js/compiled/fmelfinder/main_part_4_elfinder.jp_13.js
06:25:34 [file+] /var/www/taxisales.dev/project/app/../web/assetic/js/compiled/fmelfinder/main_part_4_elfinder.ko_14.js
06:25:34 [file+] /var/www/taxisales.dev/project/app/../web/assetic/js/compiled/fmelfinder/main_part_4_elfinder.nl_15.js
06:25:34 [file+] /var/www/taxisales.dev/project/app/../web/assetic/js/compiled/fmelfinder/main_part_4_elfinder.no_16.js
06:25:34 [file+] /var/www/taxisales.dev/project/app/../web/assetic/js/compiled/fmelfinder/main_part_4_elfinder.pl_17.js
06:25:34 [file+] /var/www/taxisales.dev/project/app/../web/assetic/js/compiled/fmelfinder/main_part_4_elfinder.pt_BR_18.js
06:25:34 [file+] /var/www/taxisales.dev/project/app/../web/assetic/js/compiled/fmelfinder/main_part_4_elfinder.ru_19.js
06:25:34 [file+] /var/www/taxisales.dev/project/app/../web/assetic/js/compiled/fmelfinder/main_part_4_elfinder.sk_20.js
06:25:34 [file+] /var/www/taxisales.dev/project/app/../web/assetic/js/compiled/fmelfinder/main_part_4_elfinder.sl_21.js
06:25:34 [file+] /var/www/taxisales.dev/project/app/../web/assetic/js/compiled/fmelfinder/main_part_4_elfinder.sv_22.js
06:25:34 [file+] /var/www/taxisales.dev/project/app/../web/assetic/js/compiled/fmelfinder/main_part_4_elfinder.tr_23.js
06:25:34 [file+] /var/www/taxisales.dev/project/app/../web/assetic/js/compiled/fmelfinder/main_part_4_elfinder.vi_24.js
06:25:34 [file+] /var/www/taxisales.dev/project/app/../web/assetic/js/compiled/fmelfinder/main_part_4_elfinder.zh_CN_25.js
06:25:34 [file+] /var/www/taxisales.dev/project/app/../web/assetic/js/compiled/fmelfinder/main_part_4_elfinder.zh_TW_26.js
06:25:34 [file+] /var/www/taxisales.dev/project/app/../web/bundles/fmelfinder/js/main.js
06:25:34 [file+] /var/www/taxisales.dev/project/app/../web/bundles/fmelfinder/js/main_jquery-1.8.0.min_1.js
06:25:34 [file+] /var/www/taxisales.dev/project/app/../web/bundles/fmelfinder/js/main_jquery-ui-1.8.23.custom.min_2.js
06:25:34 [file+] /var/www/taxisales.dev/project/app/../web/bundles/fmelfinder/js/main_elfinder.min_3.js
06:25:34 [file+] /var/www/taxisales.dev/project/app/../web/bundles/fmelfinder/js/main_part_4_elfinder.LANG_1.js
06:25:34 [file+] /var/www/taxisales.dev/project/app/../web/bundles/fmelfinder/js/main_part_4_elfinder.ar_2.js
06:25:34 [file+] /var/www/taxisales.dev/project/app/../web/bundles/fmelfinder/js/main_part_4_elfinder.bg_3.js
06:25:34 [file+] /var/www/taxisales.dev/project/app/../web/bundles/fmelfinder/js/main_part_4_elfinder.ca_4.js
06:25:34 [file+] /var/www/taxisales.dev/project/app/../web/bundles/fmelfinder/js/main_part_4_elfinder.cs_5.js
06:25:34 [file+] /var/www/taxisales.dev/project/app/../web/bundles/fmelfinder/js/main_part_4_elfinder.de_6.js
06:25:34 [file+] /var/www/taxisales.dev/project/app/../web/bundles/fmelfinder/js/main_part_4_elfinder.el_7.js
06:25:34 [file+] /var/www/taxisales.dev/project/app/../web/bundles/fmelfinder/js/main_part_4_elfinder.es_8.js
06:25:34 [file+] /var/www/taxisales.dev/project/app/../web/bundles/fmelfinder/js/main_part_4_elfinder.fa_9.js
06:25:34 [file+] /var/www/taxisales.dev/project/app/../web/bundles/fmelfinder/js/main_part_4_elfinder.fr_10.js
06:25:34 [file+] /var/www/taxisales.dev/project/app/../web/bundles/fmelfinder/js/main_part_4_elfinder.hu_11.js
06:25:34 [file+] /var/www/taxisales.dev/project/app/../web/bundles/fmelfinder/js/main_part_4_elfinder.it_12.js
06:25:34 [file+] /var/www/taxisales.dev/project/app/../web/bundles/fmelfinder/js/main_part_4_elfinder.jp_13.js
06:25:34 [file+] /var/www/taxisales.dev/project/app/../web/bundles/fmelfinder/js/main_part_4_elfinder.ko_14.js
06:25:34 [file+] /var/www/taxisales.dev/project/app/../web/bundles/fmelfinder/js/main_part_4_elfinder.nl_15.js
06:25:34 [file+] /var/www/taxisales.dev/project/app/../web/bundles/fmelfinder/js/main_part_4_elfinder.no_16.js
06:25:34 [file+] /var/www/taxisales.dev/project/app/../web/bundles/fmelfinder/js/main_part_4_elfinder.pl_17.js
06:25:34 [file+] /var/www/taxisales.dev/project/app/../web/bundles/fmelfinder/js/main_part_4_elfinder.pt_BR_18.js
06:25:34 [file+] /var/www/taxisales.dev/project/app/../web/bundles/fmelfinder/js/main_part_4_elfinder.ru_19.js
06:25:34 [file+] /var/www/taxisales.dev/project/app/../web/bundles/fmelfinder/js/main_part_4_elfinder.sk_20.js
06:25:34 [file+] /var/www/taxisales.dev/project/app/../web/bundles/fmelfinder/js/main_part_4_elfinder.sl_21.js
06:25:34 [file+] /var/www/taxisales.dev/project/app/../web/bundles/fmelfinder/js/main_part_4_elfinder.sv_22.js
06:25:34 [file+] /var/www/taxisales.dev/project/app/../web/bundles/fmelfinder/js/main_part_4_elfinder.tr_23.js
06:25:34 [file+] /var/www/taxisales.dev/project/app/../web/bundles/fmelfinder/js/main_part_4_elfinder.vi_24.js
06:25:34 [file+] /var/www/taxisales.dev/project/app/../web/bundles/fmelfinder/js/main_part_4_elfinder.zh_CN_25.js
06:25:34 [file+] /var/www/taxisales.dev/project/app/../web/bundles/fmelfinder/js/main_part_4_elfinder.zh_TW_26.js
06:25:34 [file+] /var/www/taxisales.dev/project/app/../web/js/create.js
06:25:34 [file+] /var/www/taxisales.dev/project/app/../web/js/create_jquery_1.js
06:25:34 [file+] /var/www/taxisales.dev/project/app/../web/js/create_jquery-ui_2.js
06:25:34 [file+] /var/www/taxisales.dev/project/app/../web/js/create_underscore_3.js
06:25:34 [file+] /var/www/taxisales.dev/project/app/../web/js/create_backbone_4.js
06:25:34 [file+] /var/www/taxisales.dev/project/app/../web/js/create_rangy-core_5.js
06:25:34 [file+] /var/www/taxisales.dev/project/app/../web/js/create_vie_6.js
06:25:34 [file+] /var/www/taxisales.dev/project/app/../web/js/create_jquery.rdfquery.core_7.js
06:25:34 [file+] /var/www/taxisales.dev/project/app/../web/js/create_jquery.rdfquery.rules_8.js
06:25:34 [file+] /var/www/taxisales.dev/project/app/../web/js/create_jquery.tagsinput_9.js
06:25:34 [file+] /var/www/taxisales.dev/project/app/../web/js/create_annotate_10.js
06:25:34 [file+] /var/www/taxisales.dev/project/app/../web/js/create_create_11.js
06:25:34 [file+] /var/www/taxisales.dev/project/app/../web//js/ckeditor.js
06:25:34 [file+] /var/www/taxisales.dev/project/app/../web//js/ckeditor_ckeditor_1.js
06:25:34 [file+] /var/www/taxisales.dev/project/app/../web//js/ckeditor_init-create-ckeditor_2.js
06:25:34 [file+] /var/www/taxisales.dev/project/app/../web//js/ckeditor_init-create-common_3.js
06:25:34 [file+] /var/www/taxisales.dev/project/app/../web/css/06935bc.css
06:25:34 [file+] /var/www/taxisales.dev/project/app/../web/css/06935bc_tags_1.css
06:25:34 [file+] /var/www/taxisales.dev/project/app/../web/css/06935bc_create-ui_2.css
06:25:34 [file+] /var/www/taxisales.dev/project/app/../web/css/06935bc_font-awesome_3.css
06:25:34 [file+] /var/www/taxisales.dev/project/app/../web/css/06935bc_midgardnotif_4.css
06:25:34 [file+] /var/www/taxisales.dev/project/app/../web/css/06935bc_halloCmfStyle_5.css
06:25:34 [file+] /var/www/taxisales.dev/project/app/../web/css/06935bc_createStyle_6.css
06:25:34 [file+] /var/www/taxisales.dev/project/app/../web/css/06935bc_overlay_7.css
06:25:34 [file+] /var/www/taxisales.dev/project/app/../web/js/hallo-extra.js
06:25:34 [file+] /var/www/taxisales.dev/project/app/../web/js/hallo-extra_jquery.htmlClean_1.js
06:25:34 [file+] /var/www/taxisales.dev/project/app/../web/js/hallo-extra_hallo_2.js
06:25:34 [file+] /var/www/taxisales.dev/project/app/../web/js/hallo-extra_init-create-hallo_3.js
06:25:34 [file+] /var/www/taxisales.dev/project/app/../web/js/hallo-extra_init-create-common_4.js
06:25:34 [file+] /var/www/taxisales.dev/project/app/../web/css/3428277.css
06:25:34 [file+] /var/www/taxisales.dev/project/app/../web/css/3428277_bootstrap.min_1.css
06:25:34 [file+] /var/www/taxisales.dev/project/app/../web/css/3428277_bootstrap-responsive.min_2.css
06:25:34 [file+] /var/www/taxisales.dev/project/app/../web/css/3428277_style_3.css
06:25:34 [file+] /var/www/taxisales.dev/project/app/../web/js/f4989d9.js
06:25:34 [file+] /var/www/taxisales.dev/project/app/../web/js/f4989d9_part_1_route_calc_form_1.js
06:25:34 [file+] /var/www/taxisales.dev/project/app/../web/js/f4989d9_part_2_angular.min_1.js
06:25:34 [file+] /var/www/taxisales.dev/project/app/../web/js/3e91228.js
06:25:34 [file+] /var/www/taxisales.dev/project/app/../web/js/3e91228_part_1_route_calc_form_1.js
06:28:24 [file+] /var/www/taxisales.dev/project/app/../web/js/f4989d9.js
06:28:24 [file+] /var/www/taxisales.dev/project/app/../web/js/f4989d9_part_1_route_calc_form_1.js
06:28:24 [file+] /var/www/taxisales.dev/project/app/../web/js/f4989d9_part_2_angular.min_1.js
06:28:24 [file+] /var/www/taxisales.dev/project/app/../web/js/3e91228.js
06:28:24 [file+] /var/www/taxisales.dev/project/app/../web/js/3e91228_part_1_route_calc_form_1.js
06:28:49 [file+] /var/www/taxisales.dev/project/app/../web/js/f4989d9.js
06:28:49 [file+] /var/www/taxisales.dev/project/app/../web/js/f4989d9_part_1_route_calc_form_1.js
06:28:49 [file+] /var/www/taxisales.dev/project/app/../web/js/f4989d9_part_2_angular.min_1.js
06:28:49 [file+] /var/www/taxisales.dev/project/app/../web/js/3e91228.js
06:28:49 [file+] /var/www/taxisales.dev/project/app/../web/js/3e91228_part_1_route_calc_form_1.js
06:29:39 [file+] /var/www/taxisales.dev/project/app/../web/js/ab02e24.js
06:29:39 [file+] /var/www/taxisales.dev/project/app/../web/js/ab02e24_part_1_angular.min_1.js
06:29:39 [file+] /var/www/taxisales.dev/project/app/../web/js/ab02e24_part_2_route_calc_form_1.js
06:38:06 [file+] /var/www/taxisales.dev/project/app/../web/js/f4989d9.js
06:38:06 [file+] /var/www/taxisales.dev/project/app/../web/js/f4989d9_part_1_route_calc_form_1.js
06:38:06 [file+] /var/www/taxisales.dev/project/app/../web/js/f4989d9_part_2_angular.min_1.js
06:38:06 [file+] /var/www/taxisales.dev/project/app/../web/js/3e91228.js
06:38:06 [file+] /var/www/taxisales.dev/project/app/../web/js/3e91228_part_1_route_calc_form_1.js
06:38:06 [file+] /var/www/taxisales.dev/project/app/../web/js/ab02e24.js
06:38:06 [file+] /var/www/taxisales.dev/project/app/../web/js/ab02e24_part_1_angular.min_1.js
06:38:06 [file+] /var/www/taxisales.dev/project/app/../web/js/ab02e24_part_2_route_calc_form_1.js
06:39:53 [file+] /var/www/taxisales.dev/project/app/../web/js/f4989d9.js
06:39:53 [file+] /var/www/taxisales.dev/project/app/../web/js/f4989d9_part_1_route_calc_form_1.js
06:39:53 [file+] /var/www/taxisales.dev/project/app/../web/js/f4989d9_part_2_angular.min_1.js
06:39:53 [file+] /var/www/taxisales.dev/project/app/../web/js/3e91228.js
06:39:53 [file+] /var/www/taxisales.dev/project/app/../web/js/3e91228_part_1_route_calc_form_1.js
06:39:53 [file+] /var/www/taxisales.dev/project/app/../web/js/ab02e24.js
06:39:53 [file+] /var/www/taxisales.dev/project/app/../web/js/ab02e24_part_1_angular.min_1.js
06:39:53 [file+] /var/www/taxisales.dev/project/app/../web/js/ab02e24_part_2_route_calc_form_1.js
06:41:01 [file+] /var/www/taxisales.dev/project/app/../web/js/f4989d9.js
06:41:01 [file+] /var/www/taxisales.dev/project/app/../web/js/f4989d9_part_1_route_calc_form_1.js
06:41:01 [file+] /var/www/taxisales.dev/project/app/../web/js/f4989d9_part_2_angular.min_1.js
06:41:01 [file+] /var/www/taxisales.dev/project/app/../web/js/3e91228.js
06:41:01 [file+] /var/www/taxisales.dev/project/app/../web/js/3e91228_part_1_route_calc_form_1.js
06:41:01 [file+] /var/www/taxisales.dev/project/app/../web/js/ab02e24.js
06:41:01 [file+] /var/www/taxisales.dev/project/app/../web/js/ab02e24_part_1_angular.min_1.js
06:41:01 [file+] /var/www/taxisales.dev/project/app/../web/js/ab02e24_part_2_route_calc_form_1.js
06:41:32 [file+] /var/www/taxisales.dev/project/app/../web/js/f4989d9.js
06:41:32 [file+] /var/www/taxisales.dev/project/app/../web/js/f4989d9_part_1_route_calc_form_1.js
06:41:32 [file+] /var/www/taxisales.dev/project/app/../web/js/f4989d9_part_2_angular.min_1.js
06:41:32 [file+] /var/www/taxisales.dev/project/app/../web/js/3e91228.js
06:41:32 [file+] /var/www/taxisales.dev/project/app/../web/js/3e91228_part_1_route_calc_form_1.js
06:41:32 [file+] /var/www/taxisales.dev/project/app/../web/js/ab02e24.js
06:41:32 [file+] /var/www/taxisales.dev/project/app/../web/js/ab02e24_part_1_angular.min_1.js
06:41:32 [file+] /var/www/taxisales.dev/project/app/../web/js/ab02e24_part_2_route_calc_form_1.js
06:42:43 [file+] /var/www/taxisales.dev/project/app/../web/js/f4989d9.js
06:42:43 [file+] /var/www/taxisales.dev/project/app/../web/js/f4989d9_part_1_route_calc_form_1.js
06:42:43 [file+] /var/www/taxisales.dev/project/app/../web/js/f4989d9_part_2_angular.min_1.js
06:42:43 [file+] /var/www/taxisales.dev/project/app/../web/js/3e91228.js
06:42:43 [file+] /var/www/taxisales.dev/project/app/../web/js/3e91228_part_1_route_calc_form_1.js
06:42:43 [file+] /var/www/taxisales.dev/project/app/../web/js/ab02e24.js
06:42:43 [file+] /var/www/taxisales.dev/project/app/../web/js/ab02e24_part_1_angular.min_1.js
06:42:43 [file+] /var/www/taxisales.dev/project/app/../web/js/ab02e24_part_2_route_calc_form_1.js
06:43:19 [file+] /var/www/taxisales.dev/project/app/../web/js/f4989d9.js
06:43:19 [file+] /var/www/taxisales.dev/project/app/../web/js/f4989d9_part_1_route_calc_form_1.js
06:43:19 [file+] /var/www/taxisales.dev/project/app/../web/js/f4989d9_part_2_angular.min_1.js
06:43:19 [file+] /var/www/taxisales.dev/project/app/../web/js/3e91228.js
06:43:19 [file+] /var/www/taxisales.dev/project/app/../web/js/3e91228_part_1_route_calc_form_1.js
06:43:19 [file+] /var/www/taxisales.dev/project/app/../web/js/ab02e24.js
06:43:19 [file+] /var/www/taxisales.dev/project/app/../web/js/ab02e24_part_1_angular.min_1.js
06:43:19 [file+] /var/www/taxisales.dev/project/app/../web/js/ab02e24_part_2_route_calc_form_1.js
06:44:35 [file+] /var/www/taxisales.dev/project/app/../web/js/f4989d9.js
06:44:35 [file+] /var/www/taxisales.dev/project/app/../web/js/f4989d9_part_1_route_calc_form_1.js
06:44:35 [file+] /var/www/taxisales.dev/project/app/../web/js/f4989d9_part_2_angular.min_1.js
06:44:35 [file+] /var/www/taxisales.dev/project/app/../web/js/3e91228.js
06:44:35 [file+] /var/www/taxisales.dev/project/app/../web/js/3e91228_part_1_route_calc_form_1.js
06:44:35 [file+] /var/www/taxisales.dev/project/app/../web/js/ab02e24.js
06:44:35 [file+] /var/www/taxisales.dev/project/app/../web/js/ab02e24_part_1_angular.min_1.js
06:44:35 [file+] /var/www/taxisales.dev/project/app/../web/js/ab02e24_part_2_route_calc_form_1.js
06:45:34 [file+] /var/www/taxisales.dev/project/app/../web/js/f4989d9.js
06:45:34 [file+] /var/www/taxisales.dev/project/app/../web/js/f4989d9_part_1_route_calc_form_1.js
06:45:34 [file+] /var/www/taxisales.dev/project/app/../web/js/f4989d9_part_2_angular.min_1.js
06:45:34 [file+] /var/www/taxisales.dev/project/app/../web/js/3e91228.js
06:45:34 [file+] /var/www/taxisales.dev/project/app/../web/js/3e91228_part_1_route_calc_form_1.js
06:45:34 [file+] /var/www/taxisales.dev/project/app/../web/js/ab02e24.js
06:45:34 [file+] /var/www/taxisales.dev/project/app/../web/js/ab02e24_part_1_angular.min_1.js
06:45:34 [file+] /var/www/taxisales.dev/project/app/../web/js/ab02e24_part_2_route_calc_form_1.js
06:45:51 [file+] /var/www/taxisales.dev/project/app/../web/js/f4989d9.js
06:45:51 [file+] /var/www/taxisales.dev/project/app/../web/js/f4989d9_part_1_route_calc_form_1.js
06:45:51 [file+] /var/www/taxisales.dev/project/app/../web/js/f4989d9_part_2_angular.min_1.js
06:45:51 [file+] /var/www/taxisales.dev/project/app/../web/js/3e91228.js
06:45:51 [file+] /var/www/taxisales.dev/project/app/../web/js/3e91228_part_1_route_calc_form_1.js
06:45:51 [file+] /var/www/taxisales.dev/project/app/../web/js/ab02e24.js
06:45:51 [file+] /var/www/taxisales.dev/project/app/../web/js/ab02e24_part_1_angular.min_1.js
06:45:51 [file+] /var/www/taxisales.dev/project/app/../web/js/ab02e24_part_2_route_calc_form_1.js
06:47:40 [file+] /var/www/taxisales.dev/project/app/../web/js/f4989d9.js
06:47:40 [file+] /var/www/taxisales.dev/project/app/../web/js/f4989d9_part_1_route_calc_form_1.js
06:47:40 [file+] /var/www/taxisales.dev/project/app/../web/js/f4989d9_part_2_angular.min_1.js
06:47:40 [file+] /var/www/taxisales.dev/project/app/../web/js/3e91228.js
06:47:40 [file+] /var/www/taxisales.dev/project/app/../web/js/3e91228_part_1_route_calc_form_1.js
06:47:40 [file+] /var/www/taxisales.dev/project/app/../web/js/ab02e24.js
06:47:40 [file+] /var/www/taxisales.dev/project/app/../web/js/ab02e24_part_1_angular.min_1.js
06:47:40 [file+] /var/www/taxisales.dev/project/app/../web/js/ab02e24_part_2_route_calc_form_1.js
06:48:46 [file+] /var/www/taxisales.dev/project/app/../web/js/f4989d9.js
06:48:46 [file+] /var/www/taxisales.dev/project/app/../web/js/f4989d9_part_1_route_calc_form_1.js
06:48:46 [file+] /var/www/taxisales.dev/project/app/../web/js/f4989d9_part_2_angular.min_1.js
06:48:46 [file+] /var/www/taxisales.dev/project/app/../web/js/3e91228.js
06:48:46 [file+] /var/www/taxisales.dev/project/app/../web/js/3e91228_part_1_route_calc_form_1.js
06:48:46 [file+] /var/www/taxisales.dev/project/app/../web/js/ab02e24.js
06:48:46 [file+] /var/www/taxisales.dev/project/app/../web/js/ab02e24_part_1_angular.min_1.js
06:48:46 [file+] /var/www/taxisales.dev/project/app/../web/js/ab02e24_part_2_route_calc_form_1.js
06:49:20 [file+] /var/www/taxisales.dev/project/app/../web/js/f4989d9.js
06:49:20 [file+] /var/www/taxisales.dev/project/app/../web/js/f4989d9_part_1_route_calc_form_1.js
06:49:20 [file+] /var/www/taxisales.dev/project/app/../web/js/f4989d9_part_2_angular.min_1.js
06:49:20 [file+] /var/www/taxisales.dev/project/app/../web/js/3e91228.js
06:49:20 [file+] /var/www/taxisales.dev/project/app/../web/js/3e91228_part_1_route_calc_form_1.js
06:49:20 [file+] /var/www/taxisales.dev/project/app/../web/js/ab02e24.js
06:49:20 [file+] /var/www/taxisales.dev/project/app/../web/js/ab02e24_part_1_angular.min_1.js
06:49:20 [file+] /var/www/taxisales.dev/project/app/../web/js/ab02e24_part_2_route_calc_form_1.js
06:51:46 [file+] /var/www/taxisales.dev/project/app/../web/js/f4989d9.js
06:51:46 [file+] /var/www/taxisales.dev/project/app/../web/js/f4989d9_part_1_route_calc_form_1.js
06:51:46 [file+] /var/www/taxisales.dev/project/app/../web/js/f4989d9_part_2_angular.min_1.js
06:51:47 [file+] /var/www/taxisales.dev/project/app/../web/js/3e91228.js
06:51:47 [file+] /var/www/taxisales.dev/project/app/../web/js/3e91228_part_1_route_calc_form_1.js
06:51:47 [file+] /var/www/taxisales.dev/project/app/../web/js/ab02e24.js
06:51:47 [file+] /var/www/taxisales.dev/project/app/../web/js/ab02e24_part_1_angular.min_1.js
06:51:47 [file+] /var/www/taxisales.dev/project/app/../web/js/ab02e24_part_2_route_calc_form_1.js
06:54:18 [file+] /var/www/taxisales.dev/project/app/../web/js/f4989d9.js
06:54:18 [file+] /var/www/taxisales.dev/project/app/../web/js/f4989d9_part_1_route_calc_form_1.js
06:54:18 [file+] /var/www/taxisales.dev/project/app/../web/js/f4989d9_part_2_angular.min_1.js
06:54:18 [file+] /var/www/taxisales.dev/project/app/../web/js/3e91228.js
06:54:18 [file+] /var/www/taxisales.dev/project/app/../web/js/3e91228_part_1_route_calc_form_1.js
06:54:18 [file+] /var/www/taxisales.dev/project/app/../web/js/ab02e24.js
06:54:18 [file+] /var/www/taxisales.dev/project/app/../web/js/ab02e24_part_1_angular.min_1.js
06:54:18 [file+] /var/www/taxisales.dev/project/app/../web/js/ab02e24_part_2_route_calc_form_1.js
06:56:39 [file+] /var/www/taxisales.dev/project/app/../web/js/f4989d9.js
06:56:39 [file+] /var/www/taxisales.dev/project/app/../web/js/f4989d9_part_1_route_calc_form_1.js
06:56:39 [file+] /var/www/taxisales.dev/project/app/../web/js/f4989d9_part_2_angular.min_1.js
06:56:39 [file+] /var/www/taxisales.dev/project/app/../web/js/3e91228.js
06:56:39 [file+] /var/www/taxisales.dev/project/app/../web/js/3e91228_part_1_route_calc_form_1.js
06:56:39 [file+] /var/www/taxisales.dev/project/app/../web/js/ab02e24.js
06:56:39 [file+] /var/www/taxisales.dev/project/app/../web/js/ab02e24_part_1_angular.min_1.js
06:56:39 [file+] /var/www/taxisales.dev/project/app/../web/js/ab02e24_part_2_route_calc_form_1.js
06:57:02 [file+] /var/www/taxisales.dev/project/app/../web/js/f4989d9.js
06:57:02 [file+] /var/www/taxisales.dev/project/app/../web/js/f4989d9_part_1_route_calc_form_1.js
06:57:02 [file+] /var/www/taxisales.dev/project/app/../web/js/f4989d9_part_2_angular.min_1.js
06:57:02 [file+] /var/www/taxisales.dev/project/app/../web/js/3e91228.js
06:57:02 [file+] /var/www/taxisales.dev/project/app/../web/js/3e91228_part_1_route_calc_form_1.js
06:57:02 [file+] /var/www/taxisales.dev/project/app/../web/js/ab02e24.js
06:57:02 [file+] /var/www/taxisales.dev/project/app/../web/js/ab02e24_part_1_angular.min_1.js
06:57:02 [file+] /var/www/taxisales.dev/project/app/../web/js/ab02e24_part_2_route_calc_form_1.js
06:58:40 [file+] /var/www/taxisales.dev/project/app/../web/js/f4989d9.js
06:58:40 [file+] /var/www/taxisales.dev/project/app/../web/js/f4989d9_part_1_route_calc_form_1.js
06:58:40 [file+] /var/www/taxisales.dev/project/app/../web/js/f4989d9_part_2_angular.min_1.js
06:58:40 [file+] /var/www/taxisales.dev/project/app/../web/js/3e91228.js
06:58:40 [file+] /var/www/taxisales.dev/project/app/../web/js/3e91228_part_1_route_calc_form_1.js
06:58:40 [file+] /var/www/taxisales.dev/project/app/../web/js/ab02e24.js
06:58:40 [file+] /var/www/taxisales.dev/project/app/../web/js/ab02e24_part_1_angular.min_1.js
06:58:40 [file+] /var/www/taxisales.dev/project/app/../web/js/ab02e24_part_2_route_calc_form_1.js
06:59:42 [file+] /var/www/taxisales.dev/project/app/../web/js/f4989d9.js
06:59:42 [file+] /var/www/taxisales.dev/project/app/../web/js/f4989d9_part_1_route_calc_form_1.js
06:59:42 [file+] /var/www/taxisales.dev/project/app/../web/js/f4989d9_part_2_angular.min_1.js
06:59:42 [file+] /var/www/taxisales.dev/project/app/../web/js/3e91228.js
06:59:42 [file+] /var/www/taxisales.dev/project/app/../web/js/3e91228_part_1_route_calc_form_1.js
06:59:42 [file+] /var/www/taxisales.dev/project/app/../web/js/ab02e24.js
06:59:42 [file+] /var/www/taxisales.dev/project/app/../web/js/ab02e24_part_1_angular.min_1.js
06:59:42 [file+] /var/www/taxisales.dev/project/app/../web/js/ab02e24_part_2_route_calc_form_1.js
07:24:04 [file+] /var/www/taxisales.dev/project/app/../web/js/f4989d9.js
07:24:04 [file+] /var/www/taxisales.dev/project/app/../web/js/f4989d9_part_1_route_calc_form_1.js
07:24:04 [file+] /var/www/taxisales.dev/project/app/../web/js/f4989d9_part_2_angular.min_1.js
07:24:04 [file+] /var/www/taxisales.dev/project/app/../web/js/3e91228.js
07:24:04 [file+] /var/www/taxisales.dev/project/app/../web/js/3e91228_part_1_route_calc_form_1.js
07:24:04 [file+] /var/www/taxisales.dev/project/app/../web/js/ab02e24.js
07:24:04 [file+] /var/www/taxisales.dev/project/app/../web/js/ab02e24_part_1_angular.min_1.js
07:24:04 [file+] /var/www/taxisales.dev/project/app/../web/js/ab02e24_part_2_route_calc_form_1.js
07:24:48 [file+] /var/www/taxisales.dev/project/app/../web/js/f4989d9.js
07:24:48 [file+] /var/www/taxisales.dev/project/app/../web/js/f4989d9_part_1_route_calc_form_1.js
07:24:48 [file+] /var/www/taxisales.dev/project/app/../web/js/f4989d9_part_2_angular.min_1.js
07:24:48 [file+] /var/www/taxisales.dev/project/app/../web/js/3e91228.js
07:24:48 [file+] /var/www/taxisales.dev/project/app/../web/js/3e91228_part_1_route_calc_form_1.js
07:24:48 [file+] /var/www/taxisales.dev/project/app/../web/js/ab02e24.js
07:24:48 [file+] /var/www/taxisales.dev/project/app/../web/js/ab02e24_part_1_angular.min_1.js
07:24:48 [file+] /var/www/taxisales.dev/project/app/../web/js/ab02e24_part_2_route_calc_form_1.js
07:27:18 [file+] /var/www/taxisales.dev/project/app/../web/js/f4989d9.js
07:27:18 [file+] /var/www/taxisales.dev/project/app/../web/js/f4989d9_part_1_route_calc_form_1.js
07:27:18 [file+] /var/www/taxisales.dev/project/app/../web/js/f4989d9_part_2_angular.min_1.js
07:27:18 [file+] /var/www/taxisales.dev/project/app/../web/js/3e91228.js
07:27:18 [file+] /var/www/taxisales.dev/project/app/../web/js/3e91228_part_1_route_calc_form_1.js
07:27:18 [file+] /var/www/taxisales.dev/project/app/../web/js/ab02e24.js
07:27:18 [file+] /var/www/taxisales.dev/project/app/../web/js/ab02e24_part_1_angular.min_1.js
07:27:18 [file+] /var/www/taxisales.dev/project/app/../web/js/ab02e24_part_2_route_calc_form_1.js
07:27:29 [file+] /var/www/taxisales.dev/project/app/../web/js/f4989d9.js
07:27:29 [file+] /var/www/taxisales.dev/project/app/../web/js/f4989d9_part_1_route_calc_form_1.js
07:27:29 [file+] /var/www/taxisales.dev/project/app/../web/js/f4989d9_part_2_angular.min_1.js
07:27:29 [file+] /var/www/taxisales.dev/project/app/../web/js/3e91228.js
07:27:29 [file+] /var/www/taxisales.dev/project/app/../web/js/3e91228_part_1_route_calc_form_1.js
07:27:29 [file+] /var/www/taxisales.dev/project/app/../web/js/ab02e24.js
07:27:29 [file+] /var/www/taxisales.dev/project/app/../web/js/ab02e24_part_1_angular.min_1.js
07:27:29 [file+] /var/www/taxisales.dev/project/app/../web/js/ab02e24_part_2_route_calc_form_1.js
07:27:39 [file+] /var/www/taxisales.dev/project/app/../web/js/f4989d9.js
07:27:39 [file+] /var/www/taxisales.dev/project/app/../web/js/f4989d9_part_1_route_calc_form_1.js
07:27:39 [file+] /var/www/taxisales.dev/project/app/../web/js/f4989d9_part_2_angular.min_1.js
07:27:39 [file+] /var/www/taxisales.dev/project/app/../web/js/3e91228.js
07:27:39 [file+] /var/www/taxisales.dev/project/app/../web/js/3e91228_part_1_route_calc_form_1.js
07:27:39 [file+] /var/www/taxisales.dev/project/app/../web/js/ab02e24.js
07:27:39 [file+] /var/www/taxisales.dev/project/app/../web/js/ab02e24_part_1_angular.min_1.js
07:27:39 [file+] /var/www/taxisales.dev/project/app/../web/js/ab02e24_part_2_route_calc_form_1.js
07:28:19 [file+] /var/www/taxisales.dev/project/app/../web/js/f4989d9.js
07:28:19 [file+] /var/www/taxisales.dev/project/app/../web/js/f4989d9_part_1_route_calc_form_1.js
07:28:19 [file+] /var/www/taxisales.dev/project/app/../web/js/f4989d9_part_2_angular.min_1.js
07:28:19 [file+] /var/www/taxisales.dev/project/app/../web/js/3e91228.js
07:28:19 [file+] /var/www/taxisales.dev/project/app/../web/js/3e91228_part_1_route_calc_form_1.js
07:28:19 [file+] /var/www/taxisales.dev/project/app/../web/js/ab02e24.js
07:28:19 [file+] /var/www/taxisales.dev/project/app/../web/js/ab02e24_part_1_angular.min_1.js
07:28:19 [file+] /var/www/taxisales.dev/project/app/../web/js/ab02e24_part_2_route_calc_form_1.js
07:29:58 [file+] /var/www/taxisales.dev/project/app/../web/js/f4989d9.js
07:29:58 [file+] /var/www/taxisales.dev/project/app/../web/js/f4989d9_part_1_route_calc_form_1.js
07:29:58 [file+] /var/www/taxisales.dev/project/app/../web/js/f4989d9_part_2_angular.min_1.js
07:29:58 [file+] /var/www/taxisales.dev/project/app/../web/js/3e91228.js
07:29:58 [file+] /var/www/taxisales.dev/project/app/../web/js/3e91228_part_1_route_calc_form_1.js
07:29:58 [file+] /var/www/taxisales.dev/project/app/../web/js/ab02e24.js
07:29:58 [file+] /var/www/taxisales.dev/project/app/../web/js/ab02e24_part_1_angular.min_1.js
07:29:58 [file+] /var/www/taxisales.dev/project/app/../web/js/ab02e24_part_2_route_calc_form_1.js
Dumping all dev assets.
Debug mode is on.

02:07:03 [file+] /var/www/taxisales.dev/project/app/../web/assetic/js/compiled/fmelfinder/main.js
02:07:03 [file+] /var/www/taxisales.dev/project/app/../web/assetic/js/compiled/fmelfinder/main_jquery-1.8.0.min_1.js
02:07:03 [file+] /var/www/taxisales.dev/project/app/../web/assetic/js/compiled/fmelfinder/main_jquery-ui-1.8.23.custom.min_2.js
02:07:03 [file+] /var/www/taxisales.dev/project/app/../web/assetic/js/compiled/fmelfinder/main_elfinder.min_3.js
02:07:03 [file+] /var/www/taxisales.dev/project/app/../web/assetic/js/compiled/fmelfinder/main_part_4_elfinder.LANG_1.js
02:07:03 [file+] /var/www/taxisales.dev/project/app/../web/assetic/js/compiled/fmelfinder/main_part_4_elfinder.ar_2.js
02:07:03 [file+] /var/www/taxisales.dev/project/app/../web/assetic/js/compiled/fmelfinder/main_part_4_elfinder.bg_3.js
02:07:03 [file+] /var/www/taxisales.dev/project/app/../web/assetic/js/compiled/fmelfinder/main_part_4_elfinder.ca_4.js
02:07:03 [file+] /var/www/taxisales.dev/project/app/../web/assetic/js/compiled/fmelfinder/main_part_4_elfinder.cs_5.js
02:07:03 [file+] /var/www/taxisales.dev/project/app/../web/assetic/js/compiled/fmelfinder/main_part_4_elfinder.de_6.js
02:07:03 [file+] /var/www/taxisales.dev/project/app/../web/assetic/js/compiled/fmelfinder/main_part_4_elfinder.el_7.js
02:07:03 [file+] /var/www/taxisales.dev/project/app/../web/assetic/js/compiled/fmelfinder/main_part_4_elfinder.es_8.js
02:07:03 [file+] /var/www/taxisales.dev/project/app/../web/assetic/js/compiled/fmelfinder/main_part_4_elfinder.fa_9.js
02:07:03 [file+] /var/www/taxisales.dev/project/app/../web/assetic/js/compiled/fmelfinder/main_part_4_elfinder.fr_10.js
02:07:03 [file+] /var/www/taxisales.dev/project/app/../web/assetic/js/compiled/fmelfinder/main_part_4_elfinder.hu_11.js
02:07:03 [file+] /var/www/taxisales.dev/project/app/../web/assetic/js/compiled/fmelfinder/main_part_4_elfinder.it_12.js
02:07:03 [file+] /var/www/taxisales.dev/project/app/../web/assetic/js/compiled/fmelfinder/main_part_4_elfinder.jp_13.js
02:07:03 [file+] /var/www/taxisales.dev/project/app/../web/assetic/js/compiled/fmelfinder/main_part_4_elfinder.ko_14.js
02:07:03 [file+] /var/www/taxisales.dev/project/app/../web/assetic/js/compiled/fmelfinder/main_part_4_elfinder.nl_15.js
02:07:03 [file+] /var/www/taxisales.dev/project/app/../web/assetic/js/compiled/fmelfinder/main_part_4_elfinder.no_16.js
02:07:04 [file+] /var/www/taxisales.dev/project/app/../web/assetic/js/compiled/fmelfinder/main_part_4_elfinder.pl_17.js
02:07:04 [file+] /var/www/taxisales.dev/project/app/../web/assetic/js/compiled/fmelfinder/main_part_4_elfinder.pt_BR_18.js
02:07:04 [file+] /var/www/taxisales.dev/project/app/../web/assetic/js/compiled/fmelfinder/main_part_4_elfinder.ru_19.js
02:07:04 [file+] /var/www/taxisales.dev/project/app/../web/assetic/js/compiled/fmelfinder/main_part_4_elfinder.sk_20.js
02:07:04 [file+] /var/www/taxisales.dev/project/app/../web/assetic/js/compiled/fmelfinder/main_part_4_elfinder.sl_21.js
02:07:04 [file+] /var/www/taxisales.dev/project/app/../web/assetic/js/compiled/fmelfinder/main_part_4_elfinder.sv_22.js
02:07:04 [file+] /var/www/taxisales.dev/project/app/../web/assetic/js/compiled/fmelfinder/main_part_4_elfinder.tr_23.js
02:07:04 [file+] /var/www/taxisales.dev/project/app/../web/assetic/js/compiled/fmelfinder/main_part_4_elfinder.vi_24.js
02:07:04 [file+] /var/www/taxisales.dev/project/app/../web/assetic/js/compiled/fmelfinder/main_part_4_elfinder.zh_CN_25.js
02:07:04 [file+] /var/www/taxisales.dev/project/app/../web/assetic/js/compiled/fmelfinder/main_part_4_elfinder.zh_TW_26.js
02:07:04 [file+] /var/www/taxisales.dev/project/app/../web/assetic/css/compiled/fmelfinder/main.css
02:07:04 [file+] /var/www/taxisales.dev/project/app/../web/assetic/css/compiled/fmelfinder/main_part_1_elfinder.min_1.css
02:07:04 [file+] /var/www/taxisales.dev/project/app/../web/assetic/css/compiled/fmelfinder/main_part_1_jquery-ui-1.8.21.custom_2.css
02:07:04 [file+] /var/www/taxisales.dev/project/app/../web/assetic/css/compiled/fmelfinder/main_part_1_theme_3.css
02:07:04 [file+] /var/www/taxisales.dev/project/app/../web/assetic/css/compiled/fmelfinder/main.css
02:07:04 [file+] /var/www/taxisales.dev/project/app/../web/assetic/css/compiled/fmelfinder/main_part_1_elfinder.min_1.css
02:07:04 [file+] /var/www/taxisales.dev/project/app/../web/assetic/css/compiled/fmelfinder/main_part_1_jquery-ui-1.8.21.custom_2.css
02:07:04 [file+] /var/www/taxisales.dev/project/app/../web/assetic/css/compiled/fmelfinder/main_part_1_theme_3.css
02:07:04 [file+] /var/www/taxisales.dev/project/app/../web/assetic/js/compiled/fmelfinder/main.js
02:07:04 [file+] /var/www/taxisales.dev/project/app/../web/assetic/js/compiled/fmelfinder/main_jquery-1.8.0.min_1.js
02:07:04 [file+] /var/www/taxisales.dev/project/app/../web/assetic/js/compiled/fmelfinder/main_jquery-ui-1.8.23.custom.min_2.js
02:07:04 [file+] /var/www/taxisales.dev/project/app/../web/assetic/js/compiled/fmelfinder/main_elfinder.min_3.js
02:07:04 [file+] /var/www/taxisales.dev/project/app/../web/assetic/js/compiled/fmelfinder/main_part_4_elfinder.LANG_1.js
02:07:04 [file+] /var/www/taxisales.dev/project/app/../web/assetic/js/compiled/fmelfinder/main_part_4_elfinder.ar_2.js
02:07:04 [file+] /var/www/taxisales.dev/project/app/../web/assetic/js/compiled/fmelfinder/main_part_4_elfinder.bg_3.js
02:07:04 [file+] /var/www/taxisales.dev/project/app/../web/assetic/js/compiled/fmelfinder/main_part_4_elfinder.ca_4.js
02:07:04 [file+] /var/www/taxisales.dev/project/app/../web/assetic/js/compiled/fmelfinder/main_part_4_elfinder.cs_5.js
02:07:04 [file+] /var/www/taxisales.dev/project/app/../web/assetic/js/compiled/fmelfinder/main_part_4_elfinder.de_6.js
02:07:04 [file+] /var/www/taxisales.dev/project/app/../web/assetic/js/compiled/fmelfinder/main_part_4_elfinder.el_7.js
02:07:04 [file+] /var/www/taxisales.dev/project/app/../web/assetic/js/compiled/fmelfinder/main_part_4_elfinder.es_8.js
02:07:04 [file+] /var/www/taxisales.dev/project/app/../web/assetic/js/compiled/fmelfinder/main_part_4_elfinder.fa_9.js
02:07:04 [file+] /var/www/taxisales.dev/project/app/../web/assetic/js/compiled/fmelfinder/main_part_4_elfinder.fr_10.js
02:07:04 [file+] /var/www/taxisales.dev/project/app/../web/assetic/js/compiled/fmelfinder/main_part_4_elfinder.hu_11.js
02:07:04 [file+] /var/www/taxisales.dev/project/app/../web/assetic/js/compiled/fmelfinder/main_part_4_elfinder.it_12.js
02:07:04 [file+] /var/www/taxisales.dev/project/app/../web/assetic/js/compiled/fmelfinder/main_part_4_elfinder.jp_13.js
02:07:04 [file+] /var/www/taxisales.dev/project/app/../web/assetic/js/compiled/fmelfinder/main_part_4_elfinder.ko_14.js
02:07:04 [file+] /var/www/taxisales.dev/project/app/../web/assetic/js/compiled/fmelfinder/main_part_4_elfinder.nl_15.js
02:07:04 [file+] /var/www/taxisales.dev/project/app/../web/assetic/js/compiled/fmelfinder/main_part_4_elfinder.no_16.js
02:07:04 [file+] /var/www/taxisales.dev/project/app/../web/assetic/js/compiled/fmelfinder/main_part_4_elfinder.pl_17.js
02:07:04 [file+] /var/www/taxisales.dev/project/app/../web/assetic/js/compiled/fmelfinder/main_part_4_elfinder.pt_BR_18.js
02:07:04 [file+] /var/www/taxisales.dev/project/app/../web/assetic/js/compiled/fmelfinder/main_part_4_elfinder.ru_19.js
02:07:04 [file+] /var/www/taxisales.dev/project/app/../web/assetic/js/compiled/fmelfinder/main_part_4_elfinder.sk_20.js
02:07:04 [file+] /var/www/taxisales.dev/project/app/../web/assetic/js/compiled/fmelfinder/main_part_4_elfinder.sl_21.js
02:07:04 [file+] /var/www/taxisales.dev/project/app/../web/assetic/js/compiled/fmelfinder/main_part_4_elfinder.sv_22.js
02:07:04 [file+] /var/www/taxisales.dev/project/app/../web/assetic/js/compiled/fmelfinder/main_part_4_elfinder.tr_23.js
02:07:04 [file+] /var/www/taxisales.dev/project/app/../web/assetic/js/compiled/fmelfinder/main_part_4_elfinder.vi_24.js
02:07:04 [file+] /var/www/taxisales.dev/project/app/../web/assetic/js/compiled/fmelfinder/main_part_4_elfinder.zh_CN_25.js
02:07:04 [file+] /var/www/taxisales.dev/project/app/../web/assetic/js/compiled/fmelfinder/main_part_4_elfinder.zh_TW_26.js
02:07:04 [file+] /var/www/taxisales.dev/project/app/../web/bundles/fmelfinder/js/main.js
02:07:04 [file+] /var/www/taxisales.dev/project/app/../web/bundles/fmelfinder/js/main_jquery-1.8.0.min_1.js
02:07:04 [file+] /var/www/taxisales.dev/project/app/../web/bundles/fmelfinder/js/main_jquery-ui-1.8.23.custom.min_2.js
02:07:04 [file+] /var/www/taxisales.dev/project/app/../web/bundles/fmelfinder/js/main_elfinder.min_3.js
02:07:04 [file+] /var/www/taxisales.dev/project/app/../web/bundles/fmelfinder/js/main_part_4_elfinder.LANG_1.js
02:07:04 [file+] /var/www/taxisales.dev/project/app/../web/bundles/fmelfinder/js/main_part_4_elfinder.ar_2.js
02:07:04 [file+] /var/www/taxisales.dev/project/app/../web/bundles/fmelfinder/js/main_part_4_elfinder.bg_3.js
02:07:04 [file+] /var/www/taxisales.dev/project/app/../web/bundles/fmelfinder/js/main_part_4_elfinder.ca_4.js
02:07:04 [file+] /var/www/taxisales.dev/project/app/../web/bundles/fmelfinder/js/main_part_4_elfinder.cs_5.js
02:07:04 [file+] /var/www/taxisales.dev/project/app/../web/bundles/fmelfinder/js/main_part_4_elfinder.de_6.js
02:07:04 [file+] /var/www/taxisales.dev/project/app/../web/bundles/fmelfinder/js/main_part_4_elfinder.el_7.js
02:07:04 [file+] /var/www/taxisales.dev/project/app/../web/bundles/fmelfinder/js/main_part_4_elfinder.es_8.js
02:07:04 [file+] /var/www/taxisales.dev/project/app/../web/bundles/fmelfinder/js/main_part_4_elfinder.fa_9.js
02:07:04 [file+] /var/www/taxisales.dev/project/app/../web/bundles/fmelfinder/js/main_part_4_elfinder.fr_10.js
02:07:04 [file+] /var/www/taxisales.dev/project/app/../web/bundles/fmelfinder/js/main_part_4_elfinder.hu_11.js
02:07:04 [file+] /var/www/taxisales.dev/project/app/../web/bundles/fmelfinder/js/main_part_4_elfinder.it_12.js
02:07:04 [file+] /var/www/taxisales.dev/project/app/../web/bundles/fmelfinder/js/main_part_4_elfinder.jp_13.js
02:07:04 [file+] /var/www/taxisales.dev/project/app/../web/bundles/fmelfinder/js/main_part_4_elfinder.ko_14.js
02:07:04 [file+] /var/www/taxisales.dev/project/app/../web/bundles/fmelfinder/js/main_part_4_elfinder.nl_15.js
02:07:04 [file+] /var/www/taxisales.dev/project/app/../web/bundles/fmelfinder/js/main_part_4_elfinder.no_16.js
02:07:04 [file+] /var/www/taxisales.dev/project/app/../web/bundles/fmelfinder/js/main_part_4_elfinder.pl_17.js
02:07:04 [file+] /var/www/taxisales.dev/project/app/../web/bundles/fmelfinder/js/main_part_4_elfinder.pt_BR_18.js
02:07:04 [file+] /var/www/taxisales.dev/project/app/../web/bundles/fmelfinder/js/main_part_4_elfinder.ru_19.js
02:07:04 [file+] /var/www/taxisales.dev/project/app/../web/bundles/fmelfinder/js/main_part_4_elfinder.sk_20.js
02:07:04 [file+] /var/www/taxisales.dev/project/app/../web/bundles/fmelfinder/js/main_part_4_elfinder.sl_21.js
02:07:04 [file+] /var/www/taxisales.dev/project/app/../web/bundles/fmelfinder/js/main_part_4_elfinder.sv_22.js
02:07:04 [file+] /var/www/taxisales.dev/project/app/../web/bundles/fmelfinder/js/main_part_4_elfinder.tr_23.js
02:07:04 [file+] /var/www/taxisales.dev/project/app/../web/bundles/fmelfinder/js/main_part_4_elfinder.vi_24.js
02:07:04 [file+] /var/www/taxisales.dev/project/app/../web/bundles/fmelfinder/js/main_part_4_elfinder.zh_CN_25.js
02:07:04 [file+] /var/www/taxisales.dev/project/app/../web/bundles/fmelfinder/js/main_part_4_elfinder.zh_TW_26.js
02:07:04 [file+] /var/www/taxisales.dev/project/app/../web/js/create.js
02:07:04 [file+] /var/www/taxisales.dev/project/app/../web/js/create_jquery_1.js
02:07:04 [file+] /var/www/taxisales.dev/project/app/../web/js/create_jquery-ui_2.js
02:07:04 [file+] /var/www/taxisales.dev/project/app/../web/js/create_underscore_3.js
02:07:04 [file+] /var/www/taxisales.dev/project/app/../web/js/create_backbone_4.js
02:07:04 [file+] /var/www/taxisales.dev/project/app/../web/js/create_rangy-core_5.js
02:07:04 [file+] /var/www/taxisales.dev/project/app/../web/js/create_vie_6.js
02:07:04 [file+] /var/www/taxisales.dev/project/app/../web/js/create_jquery.rdfquery.core_7.js
02:07:04 [file+] /var/www/taxisales.dev/project/app/../web/js/create_jquery.rdfquery.rules_8.js
02:07:04 [file+] /var/www/taxisales.dev/project/app/../web/js/create_jquery.tagsinput_9.js
02:07:04 [file+] /var/www/taxisales.dev/project/app/../web/js/create_annotate_10.js
02:07:04 [file+] /var/www/taxisales.dev/project/app/../web/js/create_create_11.js
02:07:04 [file+] /var/www/taxisales.dev/project/app/../web//js/ckeditor.js
02:07:04 [file+] /var/www/taxisales.dev/project/app/../web//js/ckeditor_ckeditor_1.js
02:07:04 [file+] /var/www/taxisales.dev/project/app/../web//js/ckeditor_init-create-ckeditor_2.js
02:07:04 [file+] /var/www/taxisales.dev/project/app/../web//js/ckeditor_init-create-common_3.js
02:07:04 [file+] /var/www/taxisales.dev/project/app/../web/css/06935bc.css
02:07:04 [file+] /var/www/taxisales.dev/project/app/../web/css/06935bc_tags_1.css
02:07:04 [file+] /var/www/taxisales.dev/project/app/../web/css/06935bc_create-ui_2.css
02:07:04 [file+] /var/www/taxisales.dev/project/app/../web/css/06935bc_font-awesome_3.css
02:07:04 [file+] /var/www/taxisales.dev/project/app/../web/css/06935bc_midgardnotif_4.css
02:07:04 [file+] /var/www/taxisales.dev/project/app/../web/css/06935bc_halloCmfStyle_5.css
02:07:04 [file+] /var/www/taxisales.dev/project/app/../web/css/06935bc_createStyle_6.css
02:07:04 [file+] /var/www/taxisales.dev/project/app/../web/css/06935bc_overlay_7.css
02:07:04 [file+] /var/www/taxisales.dev/project/app/../web/js/hallo-extra.js
02:07:04 [file+] /var/www/taxisales.dev/project/app/../web/js/hallo-extra_jquery.htmlClean_1.js
02:07:04 [file+] /var/www/taxisales.dev/project/app/../web/js/hallo-extra_hallo_2.js
02:07:04 [file+] /var/www/taxisales.dev/project/app/../web/js/hallo-extra_init-create-hallo_3.js
02:07:04 [file+] /var/www/taxisales.dev/project/app/../web/js/hallo-extra_init-create-common_4.js
02:07:04 [file+] /var/www/taxisales.dev/project/app/../web/css/3428277.css
02:07:04 [file+] /var/www/taxisales.dev/project/app/../web/css/3428277_bootstrap.min_1.css
02:07:04 [file+] /var/www/taxisales.dev/project/app/../web/css/3428277_bootstrap-responsive.min_2.css
02:07:04 [file+] /var/www/taxisales.dev/project/app/../web/css/3428277_style_3.css
02:07:04 [file+] /var/www/taxisales.dev/project/app/../web/js/ab02e24.js
02:07:04 [file+] /var/www/taxisales.dev/project/app/../web/js/ab02e24_part_1_angular.min_1.js
02:07:04 [file+] /var/www/taxisales.dev/project/app/../web/js/ab02e24_part_2_route_calc_form_1.js
02:07:04 [file+] /var/www/taxisales.dev/project/app/../web/js/3e91228.js
02:07:04 [file+] /var/www/taxisales.dev/project/app/../web/js/3e91228_part_1_route_calc_form_1.js
08:23:02 [file+] /var/www/taxisales.dev/project/app/../web/js/ab02e24.js
08:23:02 [file+] /var/www/taxisales.dev/project/app/../web/js/ab02e24_part_1_angular.min_1.js
08:23:02 [file+] /var/www/taxisales.dev/project/app/../web/js/ab02e24_part_2_route_calc_form_1.js
08:23:02 [file+] /var/www/taxisales.dev/project/app/../web/js/3e91228.js
08:23:02 [file+] /var/www/taxisales.dev/project/app/../web/js/3e91228_part_1_route_calc_form_1.js
